
**** Build of configuration Debug for project test_03 ****

"C:\\ti\\ccsv7\\utils\\bin\\gmake" -k -j 8 all -O 
'Building target: test_03.out'
'Invoking: GNU Linker'
"C:/ti/ccsv7/tools/compiler/gcc-arm-none-eabi-6-2017-q1-update/bin/arm-none-eabi-gcc.exe" -DPART_TM4C123GH6PM -ffunction-sections -fdata-sections -g -gdwarf-3 -gstrict-dwarf -Wall -specs="nosys.specs" -march=armv7e-m -mthumb -mfloat-abi=hard -mfpu=fpv4-sp-d16 -Wl,-Map,"test_03.map" -o"test_03.out" "./API_SPI.o" "./MCP23S17_EXP.o" "./delay.o" "./main.o" "./tm4c123gh6pm_startup_ccs_gcc.o" -Wl,-T"../tm4c123gh6pm.lds" "../driverlib/driverlib.lib"  
makefile:147: recipe for target 'test_03.out' failed
./MCP23S17_EXP.o: In function `IOCON_setup(unsigned char)':
C:\Users\jjimene6\Documents\Workspace\CCS\SPI_Testing\Test_01\test_03\Debug/../MCP23S17_EXP.C:21: undefined reference to `delay(int)'
C:\Users\jjimene6\Documents\Workspace\CCS\SPI_Testing\Test_01\test_03\Debug/../MCP23S17_EXP.C:23: undefined reference to `writeSPI_0(unsigned char)'
C:\Users\jjimene6\Documents\Workspace\CCS\SPI_Testing\Test_01\test_03\Debug/../MCP23S17_EXP.C:24: undefined reference to `writeSPI_0(unsigned char)'
C:\Users\jjimene6\Documents\Workspace\CCS\SPI_Testing\Test_01\test_03\Debug/../MCP23S17_EXP.C:25: undefined reference to `writeSPI_0(unsigned char)'
C:\Users\jjimene6\Documents\Workspace\CCS\SPI_Testing\Test_01\test_03\Debug/../MCP23S17_EXP.C:26: undefined reference to `delay(int)'
./MCP23S17_EXP.o: In function `xPORTA_setup_X(unsigned char)':
C:\Users\jjimene6\Documents\Workspace\CCS\SPI_Testing\Test_01\test_03\Debug/../MCP23S17_EXP.C:33: undefined reference to `delay(int)'
C:\Users\jjimene6\Documents\Workspace\CCS\SPI_Testing\Test_01\test_03\Debug/../MCP23S17_EXP.C:34: undefined reference to `writeSPI_0(unsigned char)'
C:\Users\jjimene6\Documents\Workspace\CCS\SPI_Testing\Test_01\test_03\Debug/../MCP23S17_EXP.C:35: undefined reference to `writeSPI_0(unsigned char)'
C:\Users\jjimene6\Documents\Workspace\CCS\SPI_Testing\Test_01\test_03\Debug/../MCP23S17_EXP.C:37: undefined reference to `writeSPI_0(unsigned char)'
C:\Users\jjimene6\Documents\Workspace\CCS\SPI_Testing\Test_01\test_03\Debug/../MCP23S17_EXP.C:38: undefined reference to `delay(int)'
./MCP23S17_EXP.o: In function `xPORTB_setup_X(unsigned char)':
C:\Users\jjimene6\Documents\Workspace\CCS\SPI_Testing\Test_01\test_03\Debug/../MCP23S17_EXP.C:44: undefined reference to `delay(int)'
C:\Users\jjimene6\Documents\Workspace\CCS\SPI_Testing\Test_01\test_03\Debug/../MCP23S17_EXP.C:45: undefined reference to `writeSPI_0(unsigned char)'
C:\Users\jjimene6\Documents\Workspace\CCS\SPI_Testing\Test_01\test_03\Debug/../MCP23S17_EXP.C:46: undefined reference to `writeSPI_0(unsigned char)'
C:\Users\jjimene6\Documents\Workspace\CCS\SPI_Testing\Test_01\test_03\Debug/../MCP23S17_EXP.C:48: undefined reference to `writeSPI_0(unsigned char)'
C:\Users\jjimene6\Documents\Workspace\CCS\SPI_Testing\Test_01\test_03\Debug/../MCP23S17_EXP.C:49: undefined reference to `delay(int)'
./MCP23S17_EXP.o: In function `xGPIOA_out_1(unsigned char, unsigned char)':
C:\Users\jjimene6\Documents\Workspace\CCS\SPI_Testing\Test_01\test_03\Debug/../MCP23S17_EXP.C:57: undefined reference to `delay(int)'
C:\Users\jjimene6\Documents\Workspace\CCS\SPI_Testing\Test_01\test_03\Debug/../MCP23S17_EXP.C:58: undefined reference to `writeSPI_0(unsigned char)'
C:\Users\jjimene6\Documents\Workspace\CCS\SPI_Testing\Test_01\test_03\Debug/../MCP23S17_EXP.C:59: undefined reference to `writeSPI_0(unsigned char)'
C:\Users\jjimene6\Documents\Workspace\CCS\SPI_Testing\Test_01\test_03\Debug/../MCP23S17_EXP.C:60: undefined reference to `writeSPI_0(unsigned char)'
C:\Users\jjimene6\Documents\Workspace\CCS\SPI_Testing\Test_01\test_03\Debug/../MCP23S17_EXP.C:61: undefined reference to `delay(int)'
./MCP23S17_EXP.o: In function `xGPIOB_out_1(unsigned char, unsigned char)':
C:\Users\jjimene6\Documents\Workspace\CCS\SPI_Testing\Test_01\test_03\Debug/../MCP23S17_EXP.C:70: undefined reference to `delay(int)'
C:\Users\jjimene6\Documents\Workspace\CCS\SPI_Testing\Test_01\test_03\Debug/../MCP23S17_EXP.C:71: undefined reference to `writeSPI_0(unsigned char)'
C:\Users\jjimene6\Documents\Workspace\CCS\SPI_Testing\Test_01\test_03\Debug/../MCP23S17_EXP.C:72: undefined reference to `writeSPI_0(unsigned char)'
C:\Users\jjimene6\Documents\Workspace\CCS\SPI_Testing\Test_01\test_03\Debug/../MCP23S17_EXP.C:73: undefined reference to `writeSPI_0(unsigned char)'
C:\Users\jjimene6\Documents\Workspace\CCS\SPI_Testing\Test_01\test_03\Debug/../MCP23S17_EXP.C:74: undefined reference to `delay(int)'
collect2.exe: error: ld returned 1 exit status
gmake[1]: *** [test_03.out] Error 1
gmake: *** [all] Error 2
makefile:143: recipe for target 'all' failed

**** Build Finished ****
